Using pre-set license
Built from '2020.3/staging' branch; Version is '2020.3.11f1 (99c7afb366b3) revision 10078127'; Using compiler version '192528614'; Build Type 'Release'
OS: 'Windows 10 Home Single Language; OS build 19043.1165; Version 2009; 64bit' Language: 'en' Physical Memory: 6082 MB
BatchMode: 1, IsHumanControllingUs: 0, StartBugReporterOnCrash: 0, Is64bit: 1, IsPro: 0

 COMMAND LINE ARGUMENTS:
E:\GAME DEV\Unity\Editor\Unity.exe
-adb2
-batchMode
-noUpm
-name
AssetImportWorker0
-projectPath
E:/GAME DEV/GAMES(Self)/RealmRush
-logFile
Logs/AssetImportWorker0.log
-srvPort
54348
Successfully changed project path to: E:/GAME DEV/GAMES(Self)/RealmRush
E:/GAME DEV/GAMES(Self)/RealmRush
Using Asset Import Pipeline V2.
Refreshing native plugins compatible for Editor in 34.59 ms, found 2 plugins.
Preloading 0 native plugins for Editor in 0.00 ms.
Initialize engine version: 2020.3.11f1 (99c7afb366b3)
[Subsystems] Discovering subsystems at path E:/GAME DEV/Unity/Editor/Data/Resources/UnitySubsystems
[Subsystems] Discovering subsystems at path E:/GAME DEV/GAMES(Self)/RealmRush/Assets
GfxDevice: creating device client; threaded=0
Direct3D:
    Version:  Direct3D 11.0 [level 11.1]
    Renderer: Radeon RX 560X Series (ID=0x67ef)
    Vendor:   
    VRAM:     4076 MB
    Driver:   27.20.22001.14011
Initialize mono
Mono path[0] = 'E:/GAME DEV/Unity/Editor/Data/Managed'
Mono path[1] = 'E:/GAME DEV/Unity/Editor/Data/MonoBleedingEdge/lib/mono/unityjit'
Mono config path = 'E:/GAME DEV/Unity/Editor/Data/MonoBleedingEdge/etc'
Using monoOptions --debugger-agent=transport=dt_socket,embedding=1,server=y,suspend=n,address=127.0.0.1:56256
Begin MonoManager ReloadAssembly
Registering precompiled unity dll's ...
Register platform support module: E:/GAME DEV/Unity/Editor/Data/PlaybackEngines/WindowsStandaloneSupport/UnityEditor.WindowsStandalone.Extensions.dll
Registered in 0.001140 seconds.
Native extension for WindowsStandalone target not found
Refreshing native plugins compatible for Editor in 34.25 ms, found 2 plugins.
Preloading 0 native plugins for Editor in 0.00 ms.
Mono: successfully reloaded assembly
- Completed reload, in  0.985 seconds
Platform modules already initialized, skipping
Registering precompiled user dll's ...
Registered in 0.002920 seconds.
Begin MonoManager ReloadAssembly
Native extension for WindowsStandalone target not found
Refreshing native plugins compatible for Editor in 0.40 ms, found 2 plugins.
Preloading 0 native plugins for Editor in 0.00 ms.
Mono: successfully reloaded assembly
- Completed reload, in  1.153 seconds
Platform modules already initialized, skipping
========================================================================
Worker process is ready to serve import requests
Launched and connected shader compiler UnityShaderCompiler.exe after 0.05 seconds
Refreshing native plugins compatible for Editor in 0.39 ms, found 2 plugins.
Preloading 0 native plugins for Editor in 0.00 ms.
Unloading 1447 Unused Serialized files (Serialized files now loaded: 0)
System memory in use before: 74.8 MB.
System memory in use after: 74.8 MB.

Unloading 19 unused Assets to reduce memory usage. Loaded Objects now: 1895.
Total: 2.722100 ms (FindLiveObjects: 0.291400 ms CreateObjectMapping: 0.065200 ms MarkObjects: 2.241500 ms  DeleteObjects: 0.121000 ms)

========================================================================
Received Import Request.
  path: Assets/Prefabs/Tower.prefab
  artifactKey: Guid(8a965e088bae16643aab3d07ccfd5e2e) Importer(815301076,1909f56bfc062723c751e8b465ee728b)
Start importing Assets/Prefabs/Tower.prefab using Guid(8a965e088bae16643aab3d07ccfd5e2e) Importer(815301076,1909f56bfc062723c751e8b465ee728b)  -> (artifact id: 'a41cba3312e2e9f0079f239eac32e777') in 0.164009 seconds
  Import took 0.179759 seconds .

========================================================================
Received Prepare
Registering precompiled user dll's ...
Registered in 0.002656 seconds.
Begin MonoManager ReloadAssembly
Native extension for WindowsStandalone target not found
Refreshing native plugins compatible for Editor in 0.82 ms, found 2 plugins.
Preloading 0 native plugins for Editor in 0.00 ms.
Mono: successfully reloaded assembly
- Completed reload, in  1.902 seconds
Platform modules already initialized, skipping
Refreshing native plugins compatible for Editor in 0.44 ms, found 2 plugins.
Preloading 0 native plugins for Editor in 0.00 ms.
Unloading 1429 Unused Serialized files (Serialized files now loaded: 0)
System memory in use before: 76.5 MB.
System memory in use after: 76.6 MB.

Unloading 14 unused Assets to reduce memory usage. Loaded Objects now: 1905.
Total: 3.354300 ms (FindLiveObjects: 0.308900 ms CreateObjectMapping: 0.061400 ms MarkObjects: 2.882500 ms  DeleteObjects: 0.099200 ms)

========================================================================
Received Prepare
Registering precompiled user dll's ...
Registered in 0.003911 seconds.
Begin MonoManager ReloadAssembly
Native extension for WindowsStandalone target not found
Refreshing native plugins compatible for Editor in 0.45 ms, found 2 plugins.
Preloading 0 native plugins for Editor in 0.00 ms.
Mono: successfully reloaded assembly
- Completed reload, in  1.179 seconds
Platform modules already initialized, skipping
Refreshing native plugins compatible for Editor in 0.42 ms, found 2 plugins.
Preloading 0 native plugins for Editor in 0.00 ms.
Unloading 1429 Unused Serialized files (Serialized files now loaded: 0)
System memory in use before: 76.6 MB.
System memory in use after: 76.6 MB.

Unloading 14 unused Assets to reduce memory usage. Loaded Objects now: 1908.
Total: 2.701700 ms (FindLiveObjects: 0.218300 ms CreateObjectMapping: 0.053100 ms MarkObjects: 2.335300 ms  DeleteObjects: 0.093400 ms)

========================================================================
Received Import Request.
  Time since last request: 150.514741 seconds.
  path: Assets/Scenes/Levels/Level1.unity
  artifactKey: Guid(445630b8c1abf7642a904ed3495262be) Importer(815301076,1909f56bfc062723c751e8b465ee728b)
Start importing Assets/Scenes/Levels/Level1.unity using Guid(445630b8c1abf7642a904ed3495262be) Importer(815301076,1909f56bfc062723c751e8b465ee728b)  -> (artifact id: '0b21309be74d9b6e9f97e33f50f8d585') in 0.016699 seconds
  Import took 0.019535 seconds .

========================================================================
Received Import Request.
  Time since last request: 40.539097 seconds.
  path: Assets/Scenes/Levels/Level4.unity
  artifactKey: Guid(037fc43c04df9e043a57dfc3d4f154aa) Importer(815301076,1909f56bfc062723c751e8b465ee728b)
Start importing Assets/Scenes/Levels/Level4.unity using Guid(037fc43c04df9e043a57dfc3d4f154aa) Importer(815301076,1909f56bfc062723c751e8b465ee728b)  -> (artifact id: 'bc3f5fe5ef0875a300ab58173c5e1c3c') in 0.108537 seconds
  Import took 0.112960 seconds .

========================================================================
Received Import Request.
  Time since last request: 27.895408 seconds.
  path: Assets/Scenes/Levels/Level2.unity
  artifactKey: Guid(6ce7021c52e7b3d4ba19177940100a82) Importer(815301076,1909f56bfc062723c751e8b465ee728b)
Start importing Assets/Scenes/Levels/Level2.unity using Guid(6ce7021c52e7b3d4ba19177940100a82) Importer(815301076,1909f56bfc062723c751e8b465ee728b)  -> (artifact id: 'c81ed99c1dd4cf5123e734bbfd86cb76') in 0.011166 seconds
  Import took 0.014473 seconds .

========================================================================
Received Import Request.
  Time since last request: 15.225885 seconds.
  path: Assets/Scenes/Levels/Level2.unity
  artifactKey: Guid(6ce7021c52e7b3d4ba19177940100a82) Importer(815301076,1909f56bfc062723c751e8b465ee728b)
Start importing Assets/Scenes/Levels/Level2.unity using Guid(6ce7021c52e7b3d4ba19177940100a82) Importer(815301076,1909f56bfc062723c751e8b465ee728b)  -> (artifact id: 'd2d76ffbf7a2eb05563262e9f0e63ccf') in 0.003321 seconds
  Import took 0.006583 seconds .

========================================================================
Received Import Request.
  Time since last request: 3.585169 seconds.
  path: Assets/Scenes/Levels/Level3.unity
  artifactKey: Guid(9fc0d4010bbf28b4594072e72b8655ab) Importer(815301076,1909f56bfc062723c751e8b465ee728b)
Start importing Assets/Scenes/Levels/Level3.unity using Guid(9fc0d4010bbf28b4594072e72b8655ab) Importer(815301076,1909f56bfc062723c751e8b465ee728b)  -> (artifact id: '5f6d3908a746987970b73398900e139b') in 0.009589 seconds
  Import took 0.012798 seconds .

========================================================================
Received Import Request.
  Time since last request: 2.627638 seconds.
  path: Assets/Scenes/Levels/Level4.unity
  artifactKey: Guid(037fc43c04df9e043a57dfc3d4f154aa) Importer(815301076,1909f56bfc062723c751e8b465ee728b)
Start importing Assets/Scenes/Levels/Level4.unity using Guid(037fc43c04df9e043a57dfc3d4f154aa) Importer(815301076,1909f56bfc062723c751e8b465ee728b)  -> (artifact id: '90d3a5aa5feab940e11e1fde74bb246e') in 0.002994 seconds
  Import took 0.006713 seconds .

========================================================================
Received Prepare
Registering precompiled user dll's ...
Registered in 0.003841 seconds.
Begin MonoManager ReloadAssembly
Native extension for WindowsStandalone target not found
Refreshing native plugins compatible for Editor in 0.42 ms, found 2 plugins.
Preloading 0 native plugins for Editor in 0.00 ms.
Mono: successfully reloaded assembly
- Completed reload, in  1.081 seconds
Platform modules already initialized, skipping
Refreshing native plugins compatible for Editor in 0.41 ms, found 2 plugins.
Preloading 0 native plugins for Editor in 0.00 ms.
Unloading 1429 Unused Serialized files (Serialized files now loaded: 0)
System memory in use before: 76.6 MB.
System memory in use after: 76.7 MB.

Unloading 14 unused Assets to reduce memory usage. Loaded Objects now: 1911.
Total: 2.839500 ms (FindLiveObjects: 0.218100 ms CreateObjectMapping: 0.052700 ms MarkObjects: 2.476700 ms  DeleteObjects: 0.089900 ms)

========================================================================
Received Import Request.
  Time since last request: 492.247025 seconds.
  path: Assets/Prefabs/Enemy.prefab
  artifactKey: Guid(b940df629b09f434dbb9fd487257db6c) Importer(815301076,1909f56bfc062723c751e8b465ee728b)
Start importing Assets/Prefabs/Enemy.prefab using Guid(b940df629b09f434dbb9fd487257db6c) Importer(815301076,1909f56bfc062723c751e8b465ee728b)  -> (artifact id: '014648176fa81f43cf30e4afec649696') in 0.178336 seconds
  Import took 0.182063 seconds .

========================================================================
Received Import Request.
  Time since last request: 13.733970 seconds.
  path: Assets/Prefabs/Enemy.prefab
  artifactKey: Guid(b940df629b09f434dbb9fd487257db6c) Importer(815301076,1909f56bfc062723c751e8b465ee728b)
Start importing Assets/Prefabs/Enemy.prefab using Guid(b940df629b09f434dbb9fd487257db6c) Importer(815301076,1909f56bfc062723c751e8b465ee728b)  -> (artifact id: 'db3cf8014bfc0e446580851d3d85ccfa') in 0.015135 seconds
  Import took 0.018932 seconds .

========================================================================
Received Import Request.
  Time since last request: 2.434974 seconds.
  path: Assets/Prefabs/Enemy.prefab
  artifactKey: Guid(b940df629b09f434dbb9fd487257db6c) Importer(815301076,1909f56bfc062723c751e8b465ee728b)
Start importing Assets/Prefabs/Enemy.prefab using Guid(b940df629b09f434dbb9fd487257db6c) Importer(815301076,1909f56bfc062723c751e8b465ee728b)  -> (artifact id: '2acf658dc59ff2ad2bfff0e6c8f62ec8') in 0.011781 seconds
  Import took 0.015607 seconds .

========================================================================
Received Import Request.
  Time since last request: 3.623025 seconds.
  path: Assets/Prefabs/Enemy.prefab
  artifactKey: Guid(b940df629b09f434dbb9fd487257db6c) Importer(815301076,1909f56bfc062723c751e8b465ee728b)
Start importing Assets/Prefabs/Enemy.prefab using Guid(b940df629b09f434dbb9fd487257db6c) Importer(815301076,1909f56bfc062723c751e8b465ee728b)  -> (artifact id: '4296210fa6fea6793703f78b52e7b738') in 0.011579 seconds
  Import took 0.035764 seconds .

========================================================================
Received Prepare
Registering precompiled user dll's ...
Registered in 0.002781 seconds.
Begin MonoManager ReloadAssembly
Native extension for WindowsStandalone target not found
Refreshing native plugins compatible for Editor in 0.47 ms, found 2 plugins.
Preloading 0 native plugins for Editor in 0.00 ms.
Mono: successfully reloaded assembly
- Completed reload, in  1.135 seconds
Platform modules already initialized, skipping
Refreshing native plugins compatible for Editor in 0.46 ms, found 2 plugins.
Preloading 0 native plugins for Editor in 0.00 ms.
Unloading 1429 Unused Serialized files (Serialized files now loaded: 0)
System memory in use before: 76.6 MB.
System memory in use after: 76.7 MB.

Unloading 14 unused Assets to reduce memory usage. Loaded Objects now: 1915.
Total: 3.039400 ms (FindLiveObjects: 0.230100 ms CreateObjectMapping: 0.060100 ms MarkObjects: 2.640100 ms  DeleteObjects: 0.107000 ms)

========================================================================
Received Import Request.
  Time since last request: 430.610521 seconds.
  path: Assets/Scenes/Levels/Level4.unity
  artifactKey: Guid(037fc43c04df9e043a57dfc3d4f154aa) Importer(815301076,1909f56bfc062723c751e8b465ee728b)
Start importing Assets/Scenes/Levels/Level4.unity using Guid(037fc43c04df9e043a57dfc3d4f154aa) Importer(815301076,1909f56bfc062723c751e8b465ee728b)  -> (artifact id: 'ef0cbdc0bbe0bd5ad18a711d4ebbbda1') in 0.013108 seconds
  Import took 0.017024 seconds .

========================================================================
Received Prepare
Registering precompiled user dll's ...
Registered in 0.003048 seconds.
Begin MonoManager ReloadAssembly
Native extension for WindowsStandalone target not found
Refreshing native plugins compatible for Editor in 0.89 ms, found 2 plugins.
Preloading 0 native plugins for Editor in 0.00 ms.
Mono: successfully reloaded assembly
- Completed reload, in  1.126 seconds
Platform modules already initialized, skipping
Refreshing native plugins compatible for Editor in 0.41 ms, found 2 plugins.
Preloading 0 native plugins for Editor in 0.00 ms.
Unloading 1429 Unused Serialized files (Serialized files now loaded: 0)
System memory in use before: 76.6 MB.
System memory in use after: 76.7 MB.

Unloading 14 unused Assets to reduce memory usage. Loaded Objects now: 1918.
Total: 2.680100 ms (FindLiveObjects: 0.209800 ms CreateObjectMapping: 0.060300 ms MarkObjects: 2.284700 ms  DeleteObjects: 0.123400 ms)

========================================================================
Received Prepare
Registering precompiled user dll's ...
Registered in 0.003241 seconds.
Begin MonoManager ReloadAssembly
Native extension for WindowsStandalone target not found
Refreshing native plugins compatible for Editor in 0.46 ms, found 2 plugins.
Preloading 0 native plugins for Editor in 0.00 ms.
Mono: successfully reloaded assembly
- Completed reload, in  1.208 seconds
Platform modules already initialized, skipping
Refreshing native plugins compatible for Editor in 0.43 ms, found 2 plugins.
Preloading 0 native plugins for Editor in 0.00 ms.
Unloading 1429 Unused Serialized files (Serialized files now loaded: 0)
System memory in use before: 76.6 MB.
System memory in use after: 76.7 MB.

Unloading 14 unused Assets to reduce memory usage. Loaded Objects now: 1921.
Total: 2.868300 ms (FindLiveObjects: 0.267200 ms CreateObjectMapping: 0.056500 ms MarkObjects: 2.441200 ms  DeleteObjects: 0.101900 ms)

========================================================================
Received Prepare
Registering precompiled user dll's ...
Registered in 0.002767 seconds.
Begin MonoManager ReloadAssembly
Native extension for WindowsStandalone target not found
Refreshing native plugins compatible for Editor in 0.46 ms, found 2 plugins.
Preloading 0 native plugins for Editor in 0.00 ms.
Mono: successfully reloaded assembly
- Completed reload, in  1.169 seconds
Platform modules already initialized, skipping
Refreshing native plugins compatible for Editor in 0.43 ms, found 2 plugins.
Preloading 0 native plugins for Editor in 0.00 ms.
Unloading 1429 Unused Serialized files (Serialized files now loaded: 0)
System memory in use before: 76.7 MB.
System memory in use after: 76.7 MB.

Unloading 14 unused Assets to reduce memory usage. Loaded Objects now: 1924.
Total: 2.463600 ms (FindLiveObjects: 0.225000 ms CreateObjectMapping: 0.047400 ms MarkObjects: 2.097400 ms  DeleteObjects: 0.091800 ms)

========================================================================
Received Prepare
Refreshing native plugins compatible for Editor in 2.98 ms, found 2 plugins.
Preloading 0 native plugins for Editor in 0.00 ms.
Unloading 12 Unused Serialized files (Serialized files now loaded: 0)
System memory in use before: 48.6 MB.
System memory in use after: 48.7 MB.

Unloading 12 unused Assets to reduce memory usage. Loaded Objects now: 1924.
Total: 2.646600 ms (FindLiveObjects: 0.229200 ms CreateObjectMapping: 0.046900 ms MarkObjects: 2.274300 ms  DeleteObjects: 0.094700 ms)

========================================================================
Received Prepare
Registering precompiled user dll's ...
Registered in 0.003237 seconds.
Begin MonoManager ReloadAssembly
Native extension for WindowsStandalone target not found
Refreshing native plugins compatible for Editor in 0.41 ms, found 2 plugins.
Preloading 0 native plugins for Editor in 0.00 ms.
Mono: successfully reloaded assembly
- Completed reload, in  1.190 seconds
Platform modules already initialized, skipping
Refreshing native plugins compatible for Editor in 0.40 ms, found 2 plugins.
Preloading 0 native plugins for Editor in 0.00 ms.
Unloading 1428 Unused Serialized files (Serialized files now loaded: 0)
System memory in use before: 76.6 MB.
System memory in use after: 76.7 MB.

Unloading 14 unused Assets to reduce memory usage. Loaded Objects now: 1927.
Total: 3.367700 ms (FindLiveObjects: 0.247300 ms CreateObjectMapping: 0.048500 ms MarkObjects: 2.970900 ms  DeleteObjects: 0.098400 ms)

========================================================================
Received Import Request.
  Time since last request: 2348.454726 seconds.
  path: Assets/Prefabs/Tile.prefab
  artifactKey: Guid(825d3871557815649b3d2fd1d25acc80) Importer(815301076,1909f56bfc062723c751e8b465ee728b)
Start importing Assets/Prefabs/Tile.prefab using Guid(825d3871557815649b3d2fd1d25acc80) Importer(815301076,1909f56bfc062723c751e8b465ee728b)  -> (artifact id: '176757760751710d2dcc15cb45780645') in 0.476901 seconds
  Import took 0.494603 seconds .

========================================================================
Received Prepare
Registering precompiled user dll's ...
Registered in 0.003038 seconds.
Begin MonoManager ReloadAssembly
Native extension for WindowsStandalone target not found
Refreshing native plugins compatible for Editor in 0.47 ms, found 2 plugins.
Preloading 0 native plugins for Editor in 0.00 ms.
Mono: successfully reloaded assembly
- Completed reload, in  1.164 seconds
Platform modules already initialized, skipping
Refreshing native plugins compatible for Editor in 0.62 ms, found 2 plugins.
Preloading 0 native plugins for Editor in 0.00 ms.
Unloading 1428 Unused Serialized files (Serialized files now loaded: 0)
System memory in use before: 76.7 MB.
System memory in use after: 76.7 MB.

Unloading 14 unused Assets to reduce memory usage. Loaded Objects now: 1931.
Total: 2.567500 ms (FindLiveObjects: 0.213700 ms CreateObjectMapping: 0.046600 ms MarkObjects: 2.216200 ms  DeleteObjects: 0.089000 ms)

========================================================================
Received Import Request.
  Time since last request: 53.303161 seconds.
  path: Assets/Scenes/Levels/Level4.unity
  artifactKey: Guid(037fc43c04df9e043a57dfc3d4f154aa) Importer(815301076,1909f56bfc062723c751e8b465ee728b)
Start importing Assets/Scenes/Levels/Level4.unity using Guid(037fc43c04df9e043a57dfc3d4f154aa) Importer(815301076,1909f56bfc062723c751e8b465ee728b)  -> (artifact id: 'cf5949d6a33692a052071048a9b25601') in 0.021467 seconds
  Import took 0.106940 seconds .

========================================================================
Received Prepare
Registering precompiled user dll's ...
Registered in 0.003308 seconds.
Begin MonoManager ReloadAssembly
Native extension for WindowsStandalone target not found
Refreshing native plugins compatible for Editor in 0.58 ms, found 2 plugins.
Preloading 0 native plugins for Editor in 0.00 ms.
Mono: successfully reloaded assembly
- Completed reload, in  1.210 seconds
Platform modules already initialized, skipping
Refreshing native plugins compatible for Editor in 0.45 ms, found 2 plugins.
Preloading 0 native plugins for Editor in 0.00 ms.
Unloading 1428 Unused Serialized files (Serialized files now loaded: 0)
System memory in use before: 76.7 MB.
System memory in use after: 76.8 MB.

Unloading 14 unused Assets to reduce memory usage. Loaded Objects now: 1934.
Total: 2.833000 ms (FindLiveObjects: 0.420400 ms CreateObjectMapping: 0.132900 ms MarkObjects: 2.180400 ms  DeleteObjects: 0.096700 ms)

========================================================================
Received Prepare
Refreshing native plugins compatible for Editor in 2.76 ms, found 2 plugins.
Preloading 0 native plugins for Editor in 0.00 ms.
Unloading 12 Unused Serialized files (Serialized files now loaded: 0)
System memory in use before: 48.6 MB.
System memory in use after: 48.7 MB.

Unloading 12 unused Assets to reduce memory usage. Loaded Objects now: 1934.
Total: 2.859600 ms (FindLiveObjects: 0.188800 ms CreateObjectMapping: 0.041800 ms MarkObjects: 2.539800 ms  DeleteObjects: 0.087900 ms)

========================================================================
Received Prepare
Registering precompiled user dll's ...
Registered in 0.207146 seconds.
Begin MonoManager ReloadAssembly
Native extension for WindowsStandalone target not found
Refreshing native plugins compatible for Editor in 0.58 ms, found 2 plugins.
Preloading 0 native plugins for Editor in 0.00 ms.
Mono: successfully reloaded assembly
- Completed reload, in  1.317 seconds
Platform modules already initialized, skipping
Refreshing native plugins compatible for Editor in 0.65 ms, found 2 plugins.
Preloading 0 native plugins for Editor in 0.00 ms.
Unloading 1428 Unused Serialized files (Serialized files now loaded: 0)
System memory in use before: 76.7 MB.
System memory in use after: 76.8 MB.

Unloading 14 unused Assets to reduce memory usage. Loaded Objects now: 1937.
Total: 2.877800 ms (FindLiveObjects: 0.216500 ms CreateObjectMapping: 0.057300 ms MarkObjects: 2.508900 ms  DeleteObjects: 0.093500 ms)

========================================================================
Received Prepare
Registering precompiled user dll's ...
Registered in 0.003352 seconds.
Begin MonoManager ReloadAssembly
Native extension for WindowsStandalone target not found
Refreshing native plugins compatible for Editor in 0.48 ms, found 2 plugins.
Preloading 0 native plugins for Editor in 0.00 ms.
Mono: successfully reloaded assembly
- Completed reload, in  1.204 seconds
Platform modules already initialized, skipping
Refreshing native plugins compatible for Editor in 0.40 ms, found 2 plugins.
Preloading 0 native plugins for Editor in 0.00 ms.
Unloading 1428 Unused Serialized files (Serialized files now loaded: 0)
System memory in use before: 76.7 MB.
System memory in use after: 76.8 MB.

Unloading 14 unused Assets to reduce memory usage. Loaded Objects now: 1940.
Total: 2.970600 ms (FindLiveObjects: 0.220300 ms CreateObjectMapping: 0.046500 ms MarkObjects: 2.609200 ms  DeleteObjects: 0.092200 ms)

========================================================================
Received Prepare
Refreshing native plugins compatible for Editor in 2.65 ms, found 2 plugins.
Preloading 0 native plugins for Editor in 0.00 ms.
Unloading 12 Unused Serialized files (Serialized files now loaded: 0)
System memory in use before: 48.6 MB.
System memory in use after: 48.7 MB.

Unloading 12 unused Assets to reduce memory usage. Loaded Objects now: 1940.
Total: 3.576000 ms (FindLiveObjects: 0.190900 ms CreateObjectMapping: 0.041700 ms MarkObjects: 3.164700 ms  DeleteObjects: 0.176500 ms)

========================================================================
Received Prepare
Refreshing native plugins compatible for Editor in 4.06 ms, found 2 plugins.
Preloading 0 native plugins for Editor in 0.00 ms.
Unloading 12 Unused Serialized files (Serialized files now loaded: 0)
System memory in use before: 48.6 MB.
System memory in use after: 48.7 MB.

Unloading 12 unused Assets to reduce memory usage. Loaded Objects now: 1940.
Total: 5.945300 ms (FindLiveObjects: 0.241600 ms CreateObjectMapping: 0.045700 ms MarkObjects: 5.473200 ms  DeleteObjects: 0.180500 ms)

AssetImportWorkerClient::OnTransportError - code=2 error=End of file
